# JRE version: OpenJDK Runtime Environment Temurin-17.0.10+7 (17.0.10+7) (build 17.0.10+7)
# Java VM: OpenJDK 64-Bit Server VM Temurin-17.0.10+7 (17.0.10+7, mixed mode, tiered, compressed oops, compressed class ptrs, parallel gc, windows-amd64)
GC Precious Log:
 CPUs: 8 total, 8 available
 Memory: 16124M
 Large Page Support: Disabled
 NUMA Support: Disabled
 Compressed Oops: Enabled (32-bit)
 Alignments: Space 512K, Generation 512K, Heap 2M
 Heap Min Capacity: 100M
 Heap Initial Capacity: 100M
 Heap Max Capacity: 1G
 Pre-touch: Disabled
 Parallel Workers: 8
Heap:
 PSYoungGen      total 3072K, used 1024K [0x00000000eab00000, 0x00000000eb000000, 0x0000000100000000)
  eden space 2048K, 0% used [0x00000000eab00000,0x00000000eab00000,0x00000000ead00000)
  from space 1024K, 100% used [0x00000000eaf00000,0x00000000eb000000,0x00000000eb000000)
  to   space 1536K, 0% used [0x00000000ead00000,0x00000000ead00000,0x00000000eae80000)
 ParOldGen       total 144896K, used 144594K [0x00000000c0000000, 0x00000000c8d80000, 0x00000000eab00000)
  object space 144896K, 99% used [0x00000000c0000000,0x00000000c8d34848,0x00000000c8d80000)
 Metaspace       used 89255K, committed 90560K, reserved 1179648K
  class space    used 9037K, committed 9600K, reserved 1048576K
GC Heap History (20 events):
Event: 9704.762 GC heap after
{Heap after GC invocations=1176 (full 22):
 PSYoungGen      total 1536K, used 576K [0x00000000eab00000, 0x00000000eae00000, 0x0000000100000000)
  eden space 512K, 0% used [0x00000000eab00000,0x00000000eab00000,0x00000000eab80000)
  from space 1024K, 56% used [0x00000000eab80000,0x00000000eac10000,0x00000000eac80000)
  to   space 1024K, 0% used [0x00000000ead00000,0x00000000ead00000,0x00000000eae00000)
 ParOldGen       total 144896K, used 138915K [0x00000000c0000000, 0x00000000c8d80000, 0x00000000eab00000)
  object space 144896K, 95% used [0x00000000c0000000,0x00000000c87a8f78,0x00000000c8d80000)
 Metaspace       used 89248K, committed 90560K, reserved 1179648K
  class space    used 9037K, committed 9600K, reserved 1048576K
}
Event: 9704.765 GC heap before
{Heap before GC invocations=1177 (full 22):
 PSYoungGen      total 1536K, used 1088K [0x00000000eab00000, 0x00000000eae00000, 0x0000000100000000)
  eden space 512K, 100% used [0x00000000eab00000,0x00000000eab80000,0x00000000eab80000)
  from space 1024K, 56% used [0x00000000eab80000,0x00000000eac10000,0x00000000eac80000)
  to   space 1024K, 0% used [0x00000000ead00000,0x00000000ead00000,0x00000000eae00000)
 ParOldGen       total 144896K, used 138915K [0x00000000c0000000, 0x00000000c8d80000, 0x00000000eab00000)
  object space 144896K, 95% used [0x00000000c0000000,0x00000000c87a8f78,0x00000000c8d80000)
 Metaspace       used 89248K, committed 90560K, reserved 1179648K
  class space    used 9037K, committed 9600K, reserved 1048576K
}
Event: 9704.768 GC heap after
{Heap after GC invocations=1177 (full 22):
 PSYoungGen      total 2048K, used 512K [0x00000000eab00000, 0x00000000eae00000, 0x0000000100000000)
  eden space 1024K, 0% used [0x00000000eab00000,0x00000000eab00000,0x00000000eac00000)
  from space 1024K, 50% used [0x00000000ead00000,0x00000000ead80000,0x00000000eae00000)
  to   space 1024K, 0% used [0x00000000eac00000,0x00000000eac00000,0x00000000ead00000)
 ParOldGen       total 144896K, used 139395K [0x00000000c0000000, 0x00000000c8d80000, 0x00000000eab00000)
  object space 144896K, 96% used [0x00000000c0000000,0x00000000c8820f78,0x00000000c8d80000)
 Metaspace       used 89248K, committed 90560K, reserved 1179648K
  class space    used 9037K, committed 9600K, reserved 1048576K
}
Event: 9704.773 GC heap before
{Heap before GC invocations=1178 (full 22):
 PSYoungGen      total 2048K, used 1536K [0x00000000eab00000, 0x00000000eae00000, 0x0000000100000000)
  eden space 1024K, 100% used [0x00000000eab00000,0x00000000eac00000,0x00000000eac00000)
  from space 1024K, 50% used [0x00000000ead00000,0x00000000ead80000,0x00000000eae00000)
  to   space 1024K, 0% used [0x00000000eac00000,0x00000000eac00000,0x00000000ead00000)
 ParOldGen       total 144896K, used 139395K [0x00000000c0000000, 0x00000000c8d80000, 0x00000000eab00000)
  object space 144896K, 96% used [0x00000000c0000000,0x00000000c8820f78,0x00000000c8d80000)
 Metaspace       used 89248K, committed 90560K, reserved 1179648K
  class space    used 9037K, committed 9600K, reserved 1048576K
}
Event: 9704.775 GC heap after
{Heap after GC invocations=1178 (full 22):
 PSYoungGen      total 2048K, used 800K [0x00000000eab00000, 0x00000000eae80000, 0x0000000100000000)
  eden space 1024K, 0% used [0x00000000eab00000,0x00000000eab00000,0x00000000eac00000)
  from space 1024K, 78% used [0x00000000eac00000,0x00000000eacc8000,0x00000000ead00000)
  to   space 1024K, 0% used [0x00000000ead80000,0x00000000ead80000,0x00000000eae80000)
 ParOldGen       total 144896K, used 139899K [0x00000000c0000000, 0x00000000c8d80000, 0x00000000eab00000)
  object space 144896K, 96% used [0x00000000c0000000,0x00000000c889ef78,0x00000000c8d80000)
 Metaspace       used 89248K, committed 90560K, reserved 1179648K
  class space    used 9037K, committed 9600K, reserved 1048576K
}
Event: 9704.780 GC heap before
{Heap before GC invocations=1179 (full 22):
 PSYoungGen      total 2048K, used 1824K [0x00000000eab00000, 0x00000000eae80000, 0x0000000100000000)
  eden space 1024K, 100% used [0x00000000eab00000,0x00000000eac00000,0x00000000eac00000)
  from space 1024K, 78% used [0x00000000eac00000,0x00000000eacc8000,0x00000000ead00000)
  to   space 1024K, 0% used [0x00000000ead80000,0x00000000ead80000,0x00000000eae80000)
 ParOldGen       total 144896K, used 139899K [0x00000000c0000000, 0x00000000c8d80000, 0x00000000eab00000)
  object space 144896K, 96% used [0x00000000c0000000,0x00000000c889ef78,0x00000000c8d80000)
 Metaspace       used 89248K, committed 90560K, reserved 1179648K
  class space    used 9037K, committed 9600K, reserved 1048576K
}
Event: 9704.783 GC heap after
{Heap after GC invocations=1179 (full 22):
 PSYoungGen      total 2560K, used 544K [0x00000000eab00000, 0x00000000eae80000, 0x0000000100000000)
  eden space 1536K, 0% used [0x00000000eab00000,0x00000000eab00000,0x00000000eac80000)
  from space 1024K, 53% used [0x00000000ead80000,0x00000000eae08000,0x00000000eae80000)
  to   space 1024K, 0% used [0x00000000eac80000,0x00000000eac80000,0x00000000ead80000)
 ParOldGen       total 144896K, used 140640K [0x00000000c0000000, 0x00000000c8d80000, 0x00000000eab00000)
  object space 144896K, 97% used [0x00000000c0000000,0x00000000c89583f8,0x00000000c8d80000)
 Metaspace       used 89248K, committed 90560K, reserved 1179648K
  class space    used 9037K, committed 9600K, reserved 1048576K
}
Event: 9704.795 GC heap before
{Heap before GC invocations=1180 (full 22):
 PSYoungGen      total 2560K, used 2079K [0x00000000eab00000, 0x00000000eae80000, 0x0000000100000000)
  eden space 1536K, 99% used [0x00000000eab00000,0x00000000eac7fff8,0x00000000eac80000)
  from space 1024K, 53% used [0x00000000ead80000,0x00000000eae08000,0x00000000eae80000)
  to   space 1024K, 0% used [0x00000000eac80000,0x00000000eac80000,0x00000000ead80000)
 ParOldGen       total 144896K, used 140640K [0x00000000c0000000, 0x00000000c8d80000, 0x00000000eab00000)
  object space 144896K, 97% used [0x00000000c0000000,0x00000000c89583f8,0x00000000c8d80000)
 Metaspace       used 89248K, committed 90560K, reserved 1179648K
  class space    used 9037K, committed 9600K, reserved 1048576K
}
Event: 9704.798 GC heap after
{Heap after GC invocations=1180 (full 22):
 PSYoungGen      total 2560K, used 480K [0x00000000eab00000, 0x00000000eaf00000, 0x0000000100000000)
  eden space 1536K, 0% used [0x00000000eab00000,0x00000000eab00000,0x00000000eac80000)
  from space 1024K, 46% used [0x00000000eac80000,0x00000000eacf8000,0x00000000ead80000)
  to   space 1024K, 0% used [0x00000000eae00000,0x00000000eae00000,0x00000000eaf00000)
 ParOldGen       total 144896K, used 141088K [0x00000000c0000000, 0x00000000c8d80000, 0x00000000eab00000)
  object space 144896K, 97% used [0x00000000c0000000,0x00000000c89c83f8,0x00000000c8d80000)
 Metaspace       used 89248K, committed 90560K, reserved 1179648K
  class space    used 9037K, committed 9600K, reserved 1048576K
}
Event: 9704.809 GC heap before
{Heap before GC invocations=1181 (full 22):
 PSYoungGen      total 2560K, used 2016K [0x00000000eab00000, 0x00000000eaf00000, 0x0000000100000000)
  eden space 1536K, 100% used [0x00000000eab00000,0x00000000eac80000,0x00000000eac80000)
  from space 1024K, 46% used [0x00000000eac80000,0x00000000eacf8000,0x00000000ead80000)
  to   space 1024K, 0% used [0x00000000eae00000,0x00000000eae00000,0x00000000eaf00000)
 ParOldGen       total 144896K, used 141088K [0x00000000c0000000, 0x00000000c8d80000, 0x00000000eab00000)
  object space 144896K, 97% used [0x00000000c0000000,0x00000000c89c83f8,0x00000000c8d80000)
 Metaspace       used 89253K, committed 90560K, reserved 1179648K
  class space    used 9037K, committed 9600K, reserved 1048576K
}
Event: 9704.811 GC heap after
{Heap after GC invocations=1181 (full 22):
 PSYoungGen      total 3072K, used 720K [0x00000000eab00000, 0x00000000eaf00000, 0x0000000100000000)
  eden space 2048K, 0% used [0x00000000eab00000,0x00000000eab00000,0x00000000ead00000)
  from space 1024K, 70% used [0x00000000eae00000,0x00000000eaeb4010,0x00000000eaf00000)
  to   space 1024K, 0% used [0x00000000ead00000,0x00000000ead00000,0x00000000eae00000)
 ParOldGen       total 144896K, used 141414K [0x00000000c0000000, 0x00000000c8d80000, 0x00000000eab00000)
  object space 144896K, 97% used [0x00000000c0000000,0x00000000c8a19878,0x00000000c8d80000)
 Metaspace       used 89253K, committed 90560K, reserved 1179648K
  class space    used 9037K, committed 9600K, reserved 1048576K
}
Event: 9704.817 GC heap before
{Heap before GC invocations=1182 (full 22):
 PSYoungGen      total 3072K, used 2768K [0x00000000eab00000, 0x00000000eaf00000, 0x0000000100000000)
  eden space 2048K, 100% used [0x00000000eab00000,0x00000000ead00000,0x00000000ead00000)
  from space 1024K, 70% used [0x00000000eae00000,0x00000000eaeb4010,0x00000000eaf00000)
  to   space 1024K, 0% used [0x00000000ead00000,0x00000000ead00000,0x00000000eae00000)
 ParOldGen       total 144896K, used 141414K [0x00000000c0000000, 0x00000000c8d80000, 0x00000000eab00000)
  object space 144896K, 97% used [0x00000000c0000000,0x00000000c8a19878,0x00000000c8d80000)
 Metaspace       used 89253K, committed 90560K, reserved 1179648K
  class space    used 9037K, committed 9600K, reserved 1048576K
}
Event: 9704.819 GC heap after
{Heap after GC invocations=1182 (full 22):
 PSYoungGen      total 3072K, used 192K [0x00000000eab00000, 0x00000000eae80000, 0x0000000100000000)
  eden space 2048K, 0% used [0x00000000eab00000,0x00000000eab00000,0x00000000ead00000)
  from space 1024K, 18% used [0x00000000ead00000,0x00000000ead30000,0x00000000eae00000)
  to   space 512K, 0% used [0x00000000eae00000,0x00000000eae00000,0x00000000eae80000)
 ParOldGen       total 144896K, used 141974K [0x00000000c0000000, 0x00000000c8d80000, 0x00000000eab00000)
  object space 144896K, 97% used [0x00000000c0000000,0x00000000c8aa58b8,0x00000000c8d80000)
 Metaspace       used 89253K, committed 90560K, reserved 1179648K
  class space    used 9037K, committed 9600K, reserved 1048576K
}
Event: 9705.038 GC heap before
{Heap before GC invocations=1183 (full 22):
 PSYoungGen      total 3072K, used 2240K [0x00000000eab00000, 0x00000000eae80000, 0x0000000100000000)
  eden space 2048K, 100% used [0x00000000eab00000,0x00000000ead00000,0x00000000ead00000)
  from space 1024K, 18% used [0x00000000ead00000,0x00000000ead30000,0x00000000eae00000)
  to   space 512K, 0% used [0x00000000eae00000,0x00000000eae00000,0x00000000eae80000)
 ParOldGen       total 144896K, used 141974K [0x00000000c0000000, 0x00000000c8d80000, 0x00000000eab00000)
  object space 144896K, 97% used [0x00000000c0000000,0x00000000c8aa58b8,0x00000000c8d80000)
 Metaspace       used 89255K, committed 90560K, reserved 1179648K
  class space    used 9037K, committed 9600K, reserved 1048576K
}
Event: 9705.040 GC heap after
{Heap after GC invocations=1183 (full 22):
 PSYoungGen      total 2048K, used 486K [0x00000000eab00000, 0x00000000eb000000, 0x0000000100000000)
  eden space 1536K, 0% used [0x00000000eab00000,0x00000000eab00000,0x00000000eac80000)
  from space 512K, 95% used [0x00000000eae00000,0x00000000eae79b00,0x00000000eae80000)
  to   space 1536K, 0% used [0x00000000eac80000,0x00000000eac80000,0x00000000eae00000)
 ParOldGen       total 144896K, used 142526K [0x00000000c0000000, 0x00000000c8d80000, 0x00000000eab00000)
  object space 144896K, 98% used [0x00000000c0000000,0x00000000c8b2f8c8,0x00000000c8d80000)
 Metaspace       used 89255K, committed 90560K, reserved 1179648K
  class space    used 9037K, committed 9600K, reserved 1048576K
}
Event: 9705.050 GC heap before
{Heap before GC invocations=1184 (full 22):
 PSYoungGen      total 2048K, used 2022K [0x00000000eab00000, 0x00000000eb000000, 0x0000000100000000)
  eden space 1536K, 100% used [0x00000000eab00000,0x00000000eac80000,0x00000000eac80000)
  from space 512K, 95% used [0x00000000eae00000,0x00000000eae79b00,0x00000000eae80000)
  to   space 1536K, 0% used [0x00000000eac80000,0x00000000eac80000,0x00000000eae00000)
 ParOldGen       total 144896K, used 142526K [0x00000000c0000000, 0x00000000c8d80000, 0x00000000eab00000)
  object space 144896K, 98% used [0x00000000c0000000,0x00000000c8b2f8c8,0x00000000c8d80000)
 Metaspace       used 89255K, committed 90560K, reserved 1179648K
  class space    used 9037K, committed 9600K, reserved 1048576K
}
Event: 9705.053 GC heap after
{Heap after GC invocations=1184 (full 22):
 PSYoungGen      total 3072K, used 1536K [0x00000000eab00000, 0x00000000eb180000, 0x0000000100000000)
  eden space 1536K, 0% used [0x00000000eab00000,0x00000000eab00000,0x00000000eac80000)
  from space 1536K, 100% used [0x00000000eac80000,0x00000000eae00000,0x00000000eae00000)
  to   space 2560K, 0% used [0x00000000eaf00000,0x00000000eaf00000,0x00000000eb180000)
 ParOldGen       total 144896K, used 143050K [0x00000000c0000000, 0x00000000c8d80000, 0x00000000eab00000)
  object space 144896K, 98% used [0x00000000c0000000,0x00000000c8bb2848,0x00000000c8d80000)
 Metaspace       used 89255K, committed 90560K, reserved 1179648K
  class space    used 9037K, committed 9600K, reserved 1048576K
}
Event: 9705.064 GC heap before
{Heap before GC invocations=1185 (full 22):
 PSYoungGen      total 3072K, used 3072K [0x00000000eab00000, 0x00000000eb180000, 0x0000000100000000)
  eden space 1536K, 100% used [0x00000000eab00000,0x00000000eac80000,0x00000000eac80000)
  from space 1536K, 100% used [0x00000000eac80000,0x00000000eae00000,0x00000000eae00000)
  to   space 2560K, 0% used [0x00000000eaf00000,0x00000000eaf00000,0x00000000eb180000)
 ParOldGen       total 144896K, used 143050K [0x00000000c0000000, 0x00000000c8d80000, 0x00000000eab00000)
  object space 144896K, 98% used [0x00000000c0000000,0x00000000c8bb2848,0x00000000c8d80000)
 Metaspace       used 89255K, committed 90560K, reserved 1179648K
  class space    used 9037K, committed 9600K, reserved 1048576K
}
Event: 9705.071 GC heap after
{Heap after GC invocations=1185 (full 22):
 PSYoungGen      total 3072K, used 1024K [0x00000000eab00000, 0x00000000eb000000, 0x0000000100000000)
  eden space 2048K, 0% used [0x00000000eab00000,0x00000000eab00000,0x00000000ead00000)
  from space 1024K, 100% used [0x00000000eaf00000,0x00000000eb000000,0x00000000eb000000)
  to   space 1536K, 0% used [0x00000000ead00000,0x00000000ead00000,0x00000000eae80000)
 ParOldGen       total 144896K, used 144594K [0x00000000c0000000, 0x00000000c8d80000, 0x00000000eab00000)
  object space 144896K, 99% used [0x00000000c0000000,0x00000000c8d34848,0x00000000c8d80000)
 Metaspace       used 89255K, committed 90560K, reserved 1179648K
  class space    used 9037K, committed 9600K, reserved 1048576K
}
Event: 9705.071 GC heap before
{Heap before GC invocations=1186 (full 23):
 PSYoungGen      total 3072K, used 1024K [0x00000000eab00000, 0x00000000eb000000, 0x0000000100000000)
  eden space 2048K, 0% used [0x00000000eab00000,0x00000000eab00000,0x00000000ead00000)
  from space 1024K, 100% used [0x00000000eaf00000,0x00000000eb000000,0x00000000eb000000)
  to   space 1536K, 0% used [0x00000000ead00000,0x00000000ead00000,0x00000000eae80000)
 ParOldGen       total 144896K, used 144594K [0x00000000c0000000, 0x00000000c8d80000, 0x00000000eab00000)
  object space 144896K, 99% used [0x00000000c0000000,0x00000000c8d34848,0x00000000c8d80000)
 Metaspace       used 89255K, committed 90560K, reserved 1179648K
  class space    used 9037K, committed 9600K, reserved 1048576K
}

